Arguments: 
  /usr/bin/node /usr/bin/yarn add shelljs chalk commander inquirer

PATH: 
  /home/rafael/.zinit/polaris/bin:/home/rafael/.local/bin:/usr/local/bin:/usr/bin:/bin:/usr/local/sbin:/usr/lib/jvm/default/bin:/usr/bin/site_perl:/usr/bin/vendor_perl:/usr/bin/core_perl:/var/lib/snapd/snap/bin:/home/rafael/Android/Sdk/tools:/home/rafael/Android/Sdk/platform-tools:/home/rafael/Android/Sdk/tools:/home/rafael/Android/Sdk/platform-tools

Yarn version: 
  1.22.4

Node version: 
  13.12.0

Platform: 
  linux x64

Trace: 
  Error: getaddrinfo ENOTFOUND registry.yarnpkg.com
      at GetAddrInfoReqWrap.onlookup [as oncomplete] (dns.js:66:26)

npm manifest: 
  {
    "name": "FileOrganizer",
    "version": "1.0.0",
    "main": "index.js",
    "license": "MIT"
  }

yarn manifest: 
  No manifest

Lockfile: 
  No lockfile
